 =[ history ]========================================================
  $Id: change.log,v 1.4 2001-04-09 10:39:13 peter Exp $
  ! и √ - испpавлена ошибка
       - небольшое изменение
      ■ - новая возможность


 =[ 1997-05-05 v0-1 ]================================================
  начинаем заносить версии пикушки в зоопарк
  picarm.pa   - Программа для PIC16C65-20/L (дата последней редакции 23.03.97)
  pica.exe    - Фитоновский демо-асемблер (рабочий) выходной файл HEX-формата
  picarm.hex  - прошивка для PIC16C65-20/L в HEX-формате (дата последней
                редакции 23.03.97)
  out.bin     - прошивка для PIC16C65-20/L в BIN-формате (дата последней
                редакции 23.03.97)
  picprog.exe - программа для прошивки PIC16C65
                Исходные файлы - picprg.asm
  			         picprog.cpp
			         picprg.obj  (результат трансл. picprg.asm)
			         picprog.prj (проект для BC++ 3.1)	
  pgm.exe	    - программа для программирования микросхем (используется
                      для перевода файлов HEX-формата -> BIN-формат
  picarh.zip  - ZIP-архив всего этого хозяйства
 =[ 1997-05-05 v0-2 ]================================================
  коммитю этоо все хоз-во
 =[ 1997-05-05 v0-3 ]================================================
  picprog.exe - программа для прошивки PIC16C65
                Исходные файлы - picprg.asm
  			         picprog.cpp
			         picprg.obj  (результат трансл. picprg.asm)
			         picprog.prj (проект для BC++ 3.1)	
  все положил в prg
 =[ 1997-11-25 v0-4 ]================================================
  pgm.exe это чтобы делать bin из hex, положил в prg
